{"__type":"$$EventMessageAudit","id":"a93d090a-13cd-4194-ae3e-ec188e12f3bb","ts":"2026-01-29T15:41:24.854+00:00","eventName":"n8n.audit.workflow.created","message":"n8n.audit.workflow.created","payload":{"userId":"171ea84d-7fa2-449a-a54d-1f19a8a585f2","_email":"melanie@theoma.fr","_firstName":"Mélanie","_lastName":"VOYMANT","globalRole":"global:owner","workflowId":"LklMwk2yA7Ba5vKH7TfGN","workflowName":"Import PennyLane (Drop Zone)"}}
{"__type":"$$EventMessageConfirm","confirm":"a93d090a-13cd-4194-ae3e-ec188e12f3bb","ts":"2026-01-29T15:41:24.855+00:00","source":{"id":"0","name":"eventBus"}}
{"__type":"$$EventMessageAudit","id":"fe9790dd-1800-4fea-a2c9-b516963df937","ts":"2026-01-29T15:42:35.065+00:00","eventName":"n8n.audit.workflow.updated","message":"n8n.audit.workflow.updated","payload":{"userId":"171ea84d-7fa2-449a-a54d-1f19a8a585f2","_email":"melanie@theoma.fr","_firstName":"Mélanie","_lastName":"VOYMANT","globalRole":"global:owner","workflowId":"LklMwk2yA7Ba5vKH7TfGN","workflowName":"Import PennyLane (Drop Zone)"}}
{"__type":"$$EventMessageConfirm","confirm":"fe9790dd-1800-4fea-a2c9-b516963df937","ts":"2026-01-29T15:42:35.065+00:00","source":{"id":"0","name":"eventBus"}}
{"__type":"$$EventMessageAudit","id":"06924eef-4130-48ec-8743-fe665262bd8f","ts":"2026-01-29T15:42:37.471+00:00","eventName":"n8n.audit.workflow.updated","message":"n8n.audit.workflow.updated","payload":{"userId":"171ea84d-7fa2-449a-a54d-1f19a8a585f2","_email":"melanie@theoma.fr","_firstName":"Mélanie","_lastName":"VOYMANT","globalRole":"global:owner","workflowId":"LklMwk2yA7Ba5vKH7TfGN","workflowName":"Import PennyLane (Drop Zone)"}}
{"__type":"$$EventMessageConfirm","confirm":"06924eef-4130-48ec-8743-fe665262bd8f","ts":"2026-01-29T15:42:37.471+00:00","source":{"id":"0","name":"eventBus"}}
{"__type":"$$EventMessageAudit","id":"4cfdf797-3275-4407-a3a1-5e056a488b5d","ts":"2026-01-29T15:42:39.110+00:00","eventName":"n8n.audit.workflow.updated","message":"n8n.audit.workflow.updated","payload":{"userId":"171ea84d-7fa2-449a-a54d-1f19a8a585f2","_email":"melanie@theoma.fr","_firstName":"Mélanie","_lastName":"VOYMANT","globalRole":"global:owner","workflowId":"LklMwk2yA7Ba5vKH7TfGN","workflowName":"Import PennyLane (Drop Zone)"}}
{"__type":"$$EventMessageConfirm","confirm":"4cfdf797-3275-4407-a3a1-5e056a488b5d","ts":"2026-01-29T15:42:39.110+00:00","source":{"id":"0","name":"eventBus"}}
{"__type":"$$EventMessageAudit","id":"302eee80-cf9b-46ad-9360-ce13f491ebb1","ts":"2026-01-29T15:42:40.870+00:00","eventName":"n8n.audit.workflow.updated","message":"n8n.audit.workflow.updated","payload":{"userId":"171ea84d-7fa2-449a-a54d-1f19a8a585f2","_email":"melanie@theoma.fr","_firstName":"Mélanie","_lastName":"VOYMANT","globalRole":"global:owner","workflowId":"LklMwk2yA7Ba5vKH7TfGN","workflowName":"Import PennyLane (Drop Zone)"}}
{"__type":"$$EventMessageConfirm","confirm":"302eee80-cf9b-46ad-9360-ce13f491ebb1","ts":"2026-01-29T15:42:40.871+00:00","source":{"id":"0","name":"eventBus"}}
{"__type":"$$EventMessageAudit","id":"97d5f545-529c-43a9-b780-cd401cd0cf46","ts":"2026-01-29T15:42:44.857+00:00","eventName":"n8n.audit.workflow.updated","message":"n8n.audit.workflow.updated","payload":{"userId":"171ea84d-7fa2-449a-a54d-1f19a8a585f2","_email":"melanie@theoma.fr","_firstName":"Mélanie","_lastName":"VOYMANT","globalRole":"global:owner","workflowId":"LklMwk2yA7Ba5vKH7TfGN","workflowName":"Import PennyLane (Drop Zone)"}}
{"__type":"$$EventMessageConfirm","confirm":"97d5f545-529c-43a9-b780-cd401cd0cf46","ts":"2026-01-29T15:42:44.857+00:00","source":{"id":"0","name":"eventBus"}}
{"__type":"$$EventMessageAudit","id":"3c68f3a9-8838-4b1f-926f-8c216c06fc3a","ts":"2026-01-29T15:43:18.351+00:00","eventName":"n8n.audit.user.credentials.created","message":"n8n.audit.user.credentials.created","payload":{"userId":"171ea84d-7fa2-449a-a54d-1f19a8a585f2","_email":"melanie@theoma.fr","_firstName":"Mélanie","_lastName":"VOYMANT","globalRole":"global:owner","credentialType":"supabaseApi","credentialId":"6mEsiddsNtxKO3xH","publicApi":false,"projectId":"NQh7azY5XfqtvijG","projectType":"personal"}}
{"__type":"$$EventMessageConfirm","confirm":"3c68f3a9-8838-4b1f-926f-8c216c06fc3a","ts":"2026-01-29T15:43:18.351+00:00","source":{"id":"0","name":"eventBus"}}
{"__type":"$$EventMessageAudit","id":"748a2637-cc9e-4f48-9938-a3f40fa74a1c","ts":"2026-01-29T10:43:28.769-05:00","eventName":"n8n.audit.workflow.updated","message":"n8n.audit.workflow.updated","payload":{"userId":"171ea84d-7fa2-449a-a54d-1f19a8a585f2","_email":"melanie@theoma.fr","_firstName":"Mélanie","_lastName":"VOYMANT","globalRole":"global:owner","workflowId":"LklMwk2yA7Ba5vKH7TfGN","workflowName":"Import PennyLane (Drop Zone)"}}
{"__type":"$$EventMessageConfirm","confirm":"748a2637-cc9e-4f48-9938-a3f40fa74a1c","ts":"2026-01-29T10:43:28.770-05:00","source":{"id":"0","name":"eventBus"}}
{"__type":"$$EventMessageAudit","id":"a3ee51c1-0df7-437d-833c-2a8ed451683f","ts":"2026-01-29T10:43:31.379-05:00","eventName":"n8n.audit.workflow.updated","message":"n8n.audit.workflow.updated","payload":{"userId":"171ea84d-7fa2-449a-a54d-1f19a8a585f2","_email":"melanie@theoma.fr","_firstName":"Mélanie","_lastName":"VOYMANT","globalRole":"global:owner","workflowId":"LklMwk2yA7Ba5vKH7TfGN","workflowName":"Import PennyLane (Drop Zone)"}}
{"__type":"$$EventMessageConfirm","confirm":"a3ee51c1-0df7-437d-833c-2a8ed451683f","ts":"2026-01-29T10:43:31.380-05:00","source":{"id":"0","name":"eventBus"}}
{"__type":"$$EventMessageAudit","id":"91107b3b-83cd-4990-bfc4-7603f5750bdd","ts":"2026-01-29T10:43:39.619-05:00","eventName":"n8n.audit.workflow.updated","message":"n8n.audit.workflow.updated","payload":{"userId":"171ea84d-7fa2-449a-a54d-1f19a8a585f2","_email":"melanie@theoma.fr","_firstName":"Mélanie","_lastName":"VOYMANT","globalRole":"global:owner","workflowId":"LklMwk2yA7Ba5vKH7TfGN","workflowName":"Import PennyLane (Drop Zone)"}}
{"__type":"$$EventMessageConfirm","confirm":"91107b3b-83cd-4990-bfc4-7603f5750bdd","ts":"2026-01-29T10:43:39.619-05:00","source":{"id":"0","name":"eventBus"}}
{"__type":"$$EventMessageAudit","id":"64512c9c-f1f6-4e07-9986-182e54080e68","ts":"2026-01-29T10:43:41.203-05:00","eventName":"n8n.audit.workflow.updated","message":"n8n.audit.workflow.updated","payload":{"userId":"171ea84d-7fa2-449a-a54d-1f19a8a585f2","_email":"melanie@theoma.fr","_firstName":"Mélanie","_lastName":"VOYMANT","globalRole":"global:owner","workflowId":"LklMwk2yA7Ba5vKH7TfGN","workflowName":"Import PennyLane (Drop Zone)"}}
{"__type":"$$EventMessageConfirm","confirm":"64512c9c-f1f6-4e07-9986-182e54080e68","ts":"2026-01-29T10:43:41.204-05:00","source":{"id":"0","name":"eventBus"}}
{"__type":"$$EventMessageAudit","id":"1e4713d1-099e-4d40-a0c7-41d7a1d6bb87","ts":"2026-01-29T10:43:42.898-05:00","eventName":"n8n.audit.workflow.updated","message":"n8n.audit.workflow.updated","payload":{"userId":"171ea84d-7fa2-449a-a54d-1f19a8a585f2","_email":"melanie@theoma.fr","_firstName":"Mélanie","_lastName":"VOYMANT","globalRole":"global:owner","workflowId":"LklMwk2yA7Ba5vKH7TfGN","workflowName":"Import PennyLane (Drop Zone)"}}
{"__type":"$$EventMessageConfirm","confirm":"1e4713d1-099e-4d40-a0c7-41d7a1d6bb87","ts":"2026-01-29T10:43:42.898-05:00","source":{"id":"0","name":"eventBus"}}
{"__type":"$$EventMessageAudit","id":"5ad6b55d-a4b4-476e-951c-83f8b9c16dbd","ts":"2026-01-29T10:44:44.164-05:00","eventName":"n8n.audit.workflow.updated","message":"n8n.audit.workflow.updated","payload":{"userId":"171ea84d-7fa2-449a-a54d-1f19a8a585f2","_email":"melanie@theoma.fr","_firstName":"Mélanie","_lastName":"VOYMANT","globalRole":"global:owner","workflowId":"LklMwk2yA7Ba5vKH7TfGN","workflowName":"Import PennyLane (Drop Zone)"}}
{"__type":"$$EventMessageConfirm","confirm":"5ad6b55d-a4b4-476e-951c-83f8b9c16dbd","ts":"2026-01-29T10:44:44.164-05:00","source":{"id":"0","name":"eventBus"}}
{"__type":"$$EventMessageAudit","id":"2552ad2c-1729-49a9-aa4c-e9fc02442c46","ts":"2026-01-29T10:44:47.535-05:00","eventName":"n8n.audit.workflow.updated","message":"n8n.audit.workflow.updated","payload":{"userId":"171ea84d-7fa2-449a-a54d-1f19a8a585f2","_email":"melanie@theoma.fr","_firstName":"Mélanie","_lastName":"VOYMANT","globalRole":"global:owner","workflowId":"LklMwk2yA7Ba5vKH7TfGN","workflowName":"Import PennyLane (Drop Zone)"}}
{"__type":"$$EventMessageConfirm","confirm":"2552ad2c-1729-49a9-aa4c-e9fc02442c46","ts":"2026-01-29T10:44:47.535-05:00","source":{"id":"0","name":"eventBus"}}
{"__type":"$$EventMessageAudit","id":"a46beb14-f008-4dc8-a712-3f4ea8be1aed","ts":"2026-01-29T10:45:05.862-05:00","eventName":"n8n.audit.workflow.updated","message":"n8n.audit.workflow.updated","payload":{"userId":"171ea84d-7fa2-449a-a54d-1f19a8a585f2","_email":"melanie@theoma.fr","_firstName":"Mélanie","_lastName":"VOYMANT","globalRole":"global:owner","workflowId":"LklMwk2yA7Ba5vKH7TfGN","workflowName":"Import PennyLane (Drop Zone)"}}
{"__type":"$$EventMessageConfirm","confirm":"a46beb14-f008-4dc8-a712-3f4ea8be1aed","ts":"2026-01-29T10:45:05.862-05:00","source":{"id":"0","name":"eventBus"}}
{"__type":"$$EventMessageAudit","id":"71dd1aba-d04e-4458-a7f2-f7955042b3a6","ts":"2026-01-29T10:45:13.770-05:00","eventName":"n8n.audit.workflow.updated","message":"n8n.audit.workflow.updated","payload":{"userId":"171ea84d-7fa2-449a-a54d-1f19a8a585f2","_email":"melanie@theoma.fr","_firstName":"Mélanie","_lastName":"VOYMANT","globalRole":"global:owner","workflowId":"LklMwk2yA7Ba5vKH7TfGN","workflowName":"Import PennyLane (Drop Zone)"}}
{"__type":"$$EventMessageConfirm","confirm":"71dd1aba-d04e-4458-a7f2-f7955042b3a6","ts":"2026-01-29T10:45:13.770-05:00","source":{"id":"0","name":"eventBus"}}
{"__type":"$$EventMessageAudit","id":"1fa28534-ea77-4bd8-9016-26dd532ba60b","ts":"2026-01-29T10:45:18.123-05:00","eventName":"n8n.audit.workflow.updated","message":"n8n.audit.workflow.updated","payload":{"userId":"171ea84d-7fa2-449a-a54d-1f19a8a585f2","_email":"melanie@theoma.fr","_firstName":"Mélanie","_lastName":"VOYMANT","globalRole":"global:owner","workflowId":"LklMwk2yA7Ba5vKH7TfGN","workflowName":"Import PennyLane (Drop Zone)"}}
{"__type":"$$EventMessageConfirm","confirm":"1fa28534-ea77-4bd8-9016-26dd532ba60b","ts":"2026-01-29T10:45:18.123-05:00","source":{"id":"0","name":"eventBus"}}
{"__type":"$$EventMessageAudit","id":"61a22e65-338d-4fa1-91fa-17066aec42d6","ts":"2026-01-29T10:45:23.668-05:00","eventName":"n8n.audit.workflow.updated","message":"n8n.audit.workflow.updated","payload":{"userId":"171ea84d-7fa2-449a-a54d-1f19a8a585f2","_email":"melanie@theoma.fr","_firstName":"Mélanie","_lastName":"VOYMANT","globalRole":"global:owner","workflowId":"LklMwk2yA7Ba5vKH7TfGN","workflowName":"Import PennyLane (Drop Zone)"}}
{"__type":"$$EventMessageConfirm","confirm":"61a22e65-338d-4fa1-91fa-17066aec42d6","ts":"2026-01-29T10:45:23.668-05:00","source":{"id":"0","name":"eventBus"}}
{"__type":"$$EventMessageAudit","id":"87f49aea-2c1a-4d9a-8fd5-97a727bc4503","ts":"2026-01-29T10:45:28.067-05:00","eventName":"n8n.audit.workflow.updated","message":"n8n.audit.workflow.updated","payload":{"userId":"171ea84d-7fa2-449a-a54d-1f19a8a585f2","_email":"melanie@theoma.fr","_firstName":"Mélanie","_lastName":"VOYMANT","globalRole":"global:owner","workflowId":"LklMwk2yA7Ba5vKH7TfGN","workflowName":"Import PennyLane (Drop Zone)"}}
{"__type":"$$EventMessageConfirm","confirm":"87f49aea-2c1a-4d9a-8fd5-97a727bc4503","ts":"2026-01-29T10:45:28.067-05:00","source":{"id":"0","name":"eventBus"}}
{"__type":"$$EventMessageAudit","id":"bb44f66d-3332-403d-b5b8-f049ecd2043c","ts":"2026-01-29T10:45:35.552-05:00","eventName":"n8n.audit.workflow.updated","message":"n8n.audit.workflow.updated","payload":{"userId":"171ea84d-7fa2-449a-a54d-1f19a8a585f2","_email":"melanie@theoma.fr","_firstName":"Mélanie","_lastName":"VOYMANT","globalRole":"global:owner","workflowId":"LklMwk2yA7Ba5vKH7TfGN","workflowName":"Import PennyLane (Drop Zone)"}}
{"__type":"$$EventMessageConfirm","confirm":"bb44f66d-3332-403d-b5b8-f049ecd2043c","ts":"2026-01-29T10:45:35.552-05:00","source":{"id":"0","name":"eventBus"}}
{"__type":"$$EventMessageAudit","id":"2330678d-449b-433c-96e4-3e058484c1c0","ts":"2026-01-29T10:45:38.457-05:00","eventName":"n8n.audit.workflow.updated","message":"n8n.audit.workflow.updated","payload":{"userId":"171ea84d-7fa2-449a-a54d-1f19a8a585f2","_email":"melanie@theoma.fr","_firstName":"Mélanie","_lastName":"VOYMANT","globalRole":"global:owner","workflowId":"LklMwk2yA7Ba5vKH7TfGN","workflowName":"Import PennyLane (Drop Zone)"}}
{"__type":"$$EventMessageConfirm","confirm":"2330678d-449b-433c-96e4-3e058484c1c0","ts":"2026-01-29T10:45:38.457-05:00","source":{"id":"0","name":"eventBus"}}
{"__type":"$$EventMessageAudit","id":"39c608b9-34d1-4d85-8db1-18d13474e39d","ts":"2026-01-29T10:48:37.518-05:00","eventName":"n8n.audit.workflow.updated","message":"n8n.audit.workflow.updated","payload":{"userId":"171ea84d-7fa2-449a-a54d-1f19a8a585f2","_email":"melanie@theoma.fr","_firstName":"Mélanie","_lastName":"VOYMANT","globalRole":"global:owner","workflowId":"LklMwk2yA7Ba5vKH7TfGN","workflowName":"Import PennyLane (Drop Zone)"}}
{"__type":"$$EventMessageConfirm","confirm":"39c608b9-34d1-4d85-8db1-18d13474e39d","ts":"2026-01-29T10:48:37.518-05:00","source":{"id":"0","name":"eventBus"}}
{"__type":"$$EventMessageAudit","id":"5a2d9319-f958-4fc2-aee2-1cf8201f88a0","ts":"2026-01-29T10:48:41.312-05:00","eventName":"n8n.audit.workflow.updated","message":"n8n.audit.workflow.updated","payload":{"userId":"171ea84d-7fa2-449a-a54d-1f19a8a585f2","_email":"melanie@theoma.fr","_firstName":"Mélanie","_lastName":"VOYMANT","globalRole":"global:owner","workflowId":"LklMwk2yA7Ba5vKH7TfGN","workflowName":"Import PennyLane (Drop Zone)"}}
{"__type":"$$EventMessageConfirm","confirm":"5a2d9319-f958-4fc2-aee2-1cf8201f88a0","ts":"2026-01-29T10:48:41.312-05:00","source":{"id":"0","name":"eventBus"}}
{"__type":"$$EventMessageAudit","id":"401f6889-dfdf-4304-a43f-5bdba39ba5c2","ts":"2026-01-29T10:48:57.248-05:00","eventName":"n8n.audit.workflow.updated","message":"n8n.audit.workflow.updated","payload":{"userId":"171ea84d-7fa2-449a-a54d-1f19a8a585f2","_email":"melanie@theoma.fr","_firstName":"Mélanie","_lastName":"VOYMANT","globalRole":"global:owner","workflowId":"LklMwk2yA7Ba5vKH7TfGN","workflowName":"Import PennyLane (Daily Auto)"}}
{"__type":"$$EventMessageConfirm","confirm":"401f6889-dfdf-4304-a43f-5bdba39ba5c2","ts":"2026-01-29T10:48:57.248-05:00","source":{"id":"0","name":"eventBus"}}
{"__type":"$$EventMessageAudit","id":"46c6b005-4c82-4503-b1b3-30d1e4e3f839","ts":"2026-01-29T10:49:09.230-05:00","eventName":"n8n.audit.workflow.updated","message":"n8n.audit.workflow.updated","payload":{"userId":"171ea84d-7fa2-449a-a54d-1f19a8a585f2","_email":"melanie@theoma.fr","_firstName":"Mélanie","_lastName":"VOYMANT","globalRole":"global:owner","workflowId":"LklMwk2yA7Ba5vKH7TfGN","workflowName":"Import PennyLane (Daily Auto)"}}
{"__type":"$$EventMessageConfirm","confirm":"46c6b005-4c82-4503-b1b3-30d1e4e3f839","ts":"2026-01-29T10:49:09.231-05:00","source":{"id":"0","name":"eventBus"}}
{"__type":"$$EventMessageAudit","id":"d273b0b8-aa0e-4eed-a600-23b2b8e80c42","ts":"2026-01-29T10:49:11.242-05:00","eventName":"n8n.audit.workflow.updated","message":"n8n.audit.workflow.updated","payload":{"userId":"171ea84d-7fa2-449a-a54d-1f19a8a585f2","_email":"melanie@theoma.fr","_firstName":"Mélanie","_lastName":"VOYMANT","globalRole":"global:owner","workflowId":"LklMwk2yA7Ba5vKH7TfGN","workflowName":"Import PennyLane (Daily Auto)"}}
{"__type":"$$EventMessageConfirm","confirm":"d273b0b8-aa0e-4eed-a600-23b2b8e80c42","ts":"2026-01-29T10:49:11.242-05:00","source":{"id":"0","name":"eventBus"}}
{"__type":"$$EventMessageAudit","id":"7c9e3cc1-9915-458d-a6d8-188f9151fc1b","ts":"2026-01-29T10:49:12.850-05:00","eventName":"n8n.audit.workflow.updated","message":"n8n.audit.workflow.updated","payload":{"userId":"171ea84d-7fa2-449a-a54d-1f19a8a585f2","_email":"melanie@theoma.fr","_firstName":"Mélanie","_lastName":"VOYMANT","globalRole":"global:owner","workflowId":"LklMwk2yA7Ba5vKH7TfGN","workflowName":"Import PennyLane (Daily Auto)"}}
{"__type":"$$EventMessageConfirm","confirm":"7c9e3cc1-9915-458d-a6d8-188f9151fc1b","ts":"2026-01-29T10:49:12.850-05:00","source":{"id":"0","name":"eventBus"}}
{"__type":"$$EventMessageAudit","id":"c163beb8-a1b5-4f89-b42a-4de0e4029c42","ts":"2026-01-29T10:49:14.774-05:00","eventName":"n8n.audit.workflow.updated","message":"n8n.audit.workflow.updated","payload":{"userId":"171ea84d-7fa2-449a-a54d-1f19a8a585f2","_email":"melanie@theoma.fr","_firstName":"Mélanie","_lastName":"VOYMANT","globalRole":"global:owner","workflowId":"LklMwk2yA7Ba5vKH7TfGN","workflowName":"Import PennyLane (Daily Auto)"}}
{"__type":"$$EventMessageConfirm","confirm":"c163beb8-a1b5-4f89-b42a-4de0e4029c42","ts":"2026-01-29T10:49:14.774-05:00","source":{"id":"0","name":"eventBus"}}
{"__type":"$$EventMessageAudit","id":"c895e977-9cda-4475-a8ff-142e25663b38","ts":"2026-01-29T10:49:17.616-05:00","eventName":"n8n.audit.workflow.updated","message":"n8n.audit.workflow.updated","payload":{"userId":"171ea84d-7fa2-449a-a54d-1f19a8a585f2","_email":"melanie@theoma.fr","_firstName":"Mélanie","_lastName":"VOYMANT","globalRole":"global:owner","workflowId":"LklMwk2yA7Ba5vKH7TfGN","workflowName":"Import PennyLane (Daily Auto)"}}
{"__type":"$$EventMessageConfirm","confirm":"c895e977-9cda-4475-a8ff-142e25663b38","ts":"2026-01-29T10:49:17.616-05:00","source":{"id":"0","name":"eventBus"}}
{"__type":"$$EventMessageWorkflow","id":"8a3ce5dd-91f6-401c-8e60-4d2ba7c75fb3","ts":"2026-01-29T10:50:20.215-05:00","eventName":"n8n.workflow.started","message":"n8n.workflow.started","payload":{"executionId":"1","workflowId":"LklMwk2yA7Ba5vKH7TfGN","isManual":false,"workflowName":"Import PennyLane (Daily Auto)"}}
{"__type":"$$EventMessageConfirm","confirm":"8a3ce5dd-91f6-401c-8e60-4d2ba7c75fb3","ts":"2026-01-29T10:50:20.215-05:00","source":{"id":"0","name":"eventBus"}}
{"__type":"$$EventMessageAudit","id":"fc001993-c030-433f-928d-12f4d67b6f5a","ts":"2026-01-29T10:50:20.217-05:00","eventName":"n8n.audit.workflow.executed","message":"n8n.audit.workflow.executed","payload":{"userId":"171ea84d-7fa2-449a-a54d-1f19a8a585f2","_email":"melanie@theoma.fr","_firstName":"Mélanie","_lastName":"VOYMANT","globalRole":"global:owner","workflowId":"LklMwk2yA7Ba5vKH7TfGN","workflowName":"Import PennyLane (Daily Auto)","executionId":"1","source":"user-manual"}}
{"__type":"$$EventMessageConfirm","confirm":"fc001993-c030-433f-928d-12f4d67b6f5a","ts":"2026-01-29T10:50:20.217-05:00","source":{"id":"0","name":"eventBus"}}
{"__type":"$$EventMessageNode","id":"22a2fb22-69fb-456a-850c-ad3f9e1bd920","ts":"2026-01-29T10:50:20.218-05:00","eventName":"n8n.node.started","message":"n8n.node.started","payload":{"workflowId":"LklMwk2yA7Ba5vKH7TfGN","workflowName":"Import PennyLane (Daily Auto)","executionId":"1","nodeType":"n8n-nodes-base.manualTrigger","nodeName":"Manual Trigger","nodeId":"fe43c2ca-7432-4312-94d5-aea4a3eb056f"}}
{"__type":"$$EventMessageConfirm","confirm":"22a2fb22-69fb-456a-850c-ad3f9e1bd920","ts":"2026-01-29T10:50:20.219-05:00","source":{"id":"0","name":"eventBus"}}
{"__type":"$$EventMessageNode","id":"5f1b55bd-c092-48c9-8cde-b81e4dd2149d","ts":"2026-01-29T10:50:20.223-05:00","eventName":"n8n.node.finished","message":"n8n.node.finished","payload":{"workflowId":"LklMwk2yA7Ba5vKH7TfGN","workflowName":"Import PennyLane (Daily Auto)","executionId":"1","nodeType":"n8n-nodes-base.manualTrigger","nodeName":"Manual Trigger","nodeId":"fe43c2ca-7432-4312-94d5-aea4a3eb056f"}}
{"__type":"$$EventMessageConfirm","confirm":"5f1b55bd-c092-48c9-8cde-b81e4dd2149d","ts":"2026-01-29T10:50:20.223-05:00","source":{"id":"0","name":"eventBus"}}
{"__type":"$$EventMessageNode","id":"99a3bab2-8731-4878-ac8c-cc7ab63b69f7","ts":"2026-01-29T10:50:20.225-05:00","eventName":"n8n.node.started","message":"n8n.node.started","payload":{"workflowId":"LklMwk2yA7Ba5vKH7TfGN","workflowName":"Import PennyLane (Daily Auto)","executionId":"1","nodeType":"n8n-nodes-base.readBinaryFile","nodeName":"Read Excel File","nodeId":"5f05baca-473c-4ca9-bf10-6887c5c66e8d"}}
{"__type":"$$EventMessageConfirm","confirm":"99a3bab2-8731-4878-ac8c-cc7ab63b69f7","ts":"2026-01-29T10:50:20.225-05:00","source":{"id":"0","name":"eventBus"}}
{"__type":"$$EventMessageNode","id":"cad2449e-1442-4a85-adf8-718f5e53d394","ts":"2026-01-29T10:50:20.270-05:00","eventName":"n8n.node.finished","message":"n8n.node.finished","payload":{"workflowId":"LklMwk2yA7Ba5vKH7TfGN","workflowName":"Import PennyLane (Daily Auto)","executionId":"1","nodeType":"n8n-nodes-base.readBinaryFile","nodeName":"Read Excel File","nodeId":"5f05baca-473c-4ca9-bf10-6887c5c66e8d"}}
{"__type":"$$EventMessageConfirm","confirm":"cad2449e-1442-4a85-adf8-718f5e53d394","ts":"2026-01-29T10:50:20.270-05:00","source":{"id":"0","name":"eventBus"}}
{"__type":"$$EventMessageWorkflow","id":"f12770a5-862a-4514-ab9b-0f1ae5b2155a","ts":"2026-01-29T10:50:20.276-05:00","eventName":"n8n.workflow.failed","message":"n8n.workflow.failed","payload":{"userId":"171ea84d-7fa2-449a-a54d-1f19a8a585f2","executionId":"1","success":false,"isManual":true,"workflowId":"LklMwk2yA7Ba5vKH7TfGN","workflowName":"Import PennyLane (Daily Auto)","lastNodeExecuted":"Read Excel File","errorNodeType":"n8n-nodes-base.readBinaryFile","errorMessage":"Access to the file is not allowed. Allowed paths: /home/node/.n8n-files"}}
{"__type":"$$EventMessageConfirm","confirm":"f12770a5-862a-4514-ab9b-0f1ae5b2155a","ts":"2026-01-29T10:50:20.276-05:00","source":{"id":"0","name":"eventBus"}}
{"__type":"$$EventMessageAudit","id":"85d4d744-a590-490c-87df-ed3a1bad47af","ts":"2026-01-29T10:50:20.447-05:00","eventName":"n8n.audit.workflow.updated","message":"n8n.audit.workflow.updated","payload":{"userId":"171ea84d-7fa2-449a-a54d-1f19a8a585f2","_email":"melanie@theoma.fr","_firstName":"Mélanie","_lastName":"VOYMANT","globalRole":"global:owner","workflowId":"LklMwk2yA7Ba5vKH7TfGN","workflowName":"Import PennyLane (Daily Auto)"}}
{"__type":"$$EventMessageConfirm","confirm":"85d4d744-a590-490c-87df-ed3a1bad47af","ts":"2026-01-29T10:50:20.447-05:00","source":{"id":"0","name":"eventBus"}}
{"__type":"$$EventMessageAudit","id":"d084c892-f21a-43e0-94f4-b288573726f0","ts":"2026-01-29T10:50:34.544-05:00","eventName":"n8n.audit.workflow.updated","message":"n8n.audit.workflow.updated","payload":{"userId":"171ea84d-7fa2-449a-a54d-1f19a8a585f2","_email":"melanie@theoma.fr","_firstName":"Mélanie","_lastName":"VOYMANT","globalRole":"global:owner","workflowId":"LklMwk2yA7Ba5vKH7TfGN","workflowName":"Import PennyLane (Daily Auto)"}}
{"__type":"$$EventMessageConfirm","confirm":"d084c892-f21a-43e0-94f4-b288573726f0","ts":"2026-01-29T10:50:34.544-05:00","source":{"id":"0","name":"eventBus"}}
{"__type":"$$EventMessageWorkflow","id":"d9e9c5ee-adb4-4b33-ae2d-cef3df8cdce9","ts":"2026-01-29T10:50:35.263-05:00","eventName":"n8n.workflow.started","message":"n8n.workflow.started","payload":{"executionId":"2","workflowId":"LklMwk2yA7Ba5vKH7TfGN","isManual":false,"workflowName":"Import PennyLane (Daily Auto)"}}
{"__type":"$$EventMessageConfirm","confirm":"d9e9c5ee-adb4-4b33-ae2d-cef3df8cdce9","ts":"2026-01-29T10:50:35.263-05:00","source":{"id":"0","name":"eventBus"}}
{"__type":"$$EventMessageAudit","id":"6d2d3932-df3c-4736-a109-952ac419b8a9","ts":"2026-01-29T10:50:35.264-05:00","eventName":"n8n.audit.workflow.executed","message":"n8n.audit.workflow.executed","payload":{"userId":"171ea84d-7fa2-449a-a54d-1f19a8a585f2","_email":"melanie@theoma.fr","_firstName":"Mélanie","_lastName":"VOYMANT","globalRole":"global:owner","workflowId":"LklMwk2yA7Ba5vKH7TfGN","workflowName":"Import PennyLane (Daily Auto)","executionId":"2","source":"user-manual"}}
{"__type":"$$EventMessageConfirm","confirm":"6d2d3932-df3c-4736-a109-952ac419b8a9","ts":"2026-01-29T10:50:35.264-05:00","source":{"id":"0","name":"eventBus"}}
{"__type":"$$EventMessageNode","id":"1f105864-1958-4279-bc61-966228f5d845","ts":"2026-01-29T10:50:35.266-05:00","eventName":"n8n.node.started","message":"n8n.node.started","payload":{"workflowId":"LklMwk2yA7Ba5vKH7TfGN","workflowName":"Import PennyLane (Daily Auto)","executionId":"2","nodeType":"n8n-nodes-base.readBinaryFile","nodeName":"Read Excel File","nodeId":"5f05baca-473c-4ca9-bf10-6887c5c66e8d"}}
{"__type":"$$EventMessageConfirm","confirm":"1f105864-1958-4279-bc61-966228f5d845","ts":"2026-01-29T10:50:35.266-05:00","source":{"id":"0","name":"eventBus"}}
{"__type":"$$EventMessageNode","id":"b5d10527-a74e-4db6-9e97-62d6a067f99c","ts":"2026-01-29T10:50:35.273-05:00","eventName":"n8n.node.finished","message":"n8n.node.finished","payload":{"workflowId":"LklMwk2yA7Ba5vKH7TfGN","workflowName":"Import PennyLane (Daily Auto)","executionId":"2","nodeType":"n8n-nodes-base.readBinaryFile","nodeName":"Read Excel File","nodeId":"5f05baca-473c-4ca9-bf10-6887c5c66e8d"}}
{"__type":"$$EventMessageConfirm","confirm":"b5d10527-a74e-4db6-9e97-62d6a067f99c","ts":"2026-01-29T10:50:35.273-05:00","source":{"id":"0","name":"eventBus"}}
{"__type":"$$EventMessageWorkflow","id":"4b19abc3-ed41-4f8a-9132-bb0a3a45938a","ts":"2026-01-29T10:50:35.275-05:00","eventName":"n8n.workflow.failed","message":"n8n.workflow.failed","payload":{"userId":"171ea84d-7fa2-449a-a54d-1f19a8a585f2","executionId":"2","success":false,"isManual":true,"workflowId":"LklMwk2yA7Ba5vKH7TfGN","workflowName":"Import PennyLane (Daily Auto)","lastNodeExecuted":"Read Excel File","errorMessage":"ENOENT: no such file or directory, stat '/home/node/.n8n-files/imports/import.xlsx'"}}
{"__type":"$$EventMessageConfirm","confirm":"4b19abc3-ed41-4f8a-9132-bb0a3a45938a","ts":"2026-01-29T10:50:35.275-05:00","source":{"id":"0","name":"eventBus"}}
{"__type":"$$EventMessageWorkflow","id":"d4d337b5-5c53-4db5-90eb-804f7b5ae911","ts":"2026-01-29T10:50:48.414-05:00","eventName":"n8n.workflow.started","message":"n8n.workflow.started","payload":{"executionId":"3","workflowId":"LklMwk2yA7Ba5vKH7TfGN","isManual":false,"workflowName":"Import PennyLane (Daily Auto)"}}
{"__type":"$$EventMessageConfirm","confirm":"d4d337b5-5c53-4db5-90eb-804f7b5ae911","ts":"2026-01-29T10:50:48.414-05:00","source":{"id":"0","name":"eventBus"}}
{"__type":"$$EventMessageAudit","id":"106552e9-d972-4db8-bb62-2eb96229809c","ts":"2026-01-29T10:50:48.414-05:00","eventName":"n8n.audit.workflow.executed","message":"n8n.audit.workflow.executed","payload":{"userId":"171ea84d-7fa2-449a-a54d-1f19a8a585f2","_email":"melanie@theoma.fr","_firstName":"Mélanie","_lastName":"VOYMANT","globalRole":"global:owner","workflowId":"LklMwk2yA7Ba5vKH7TfGN","workflowName":"Import PennyLane (Daily Auto)","executionId":"3","source":"user-manual"}}
{"__type":"$$EventMessageConfirm","confirm":"106552e9-d972-4db8-bb62-2eb96229809c","ts":"2026-01-29T10:50:48.414-05:00","source":{"id":"0","name":"eventBus"}}
{"__type":"$$EventMessageNode","id":"7450eeae-3989-4647-b5de-3db70d4517c0","ts":"2026-01-29T10:50:48.415-05:00","eventName":"n8n.node.started","message":"n8n.node.started","payload":{"workflowId":"LklMwk2yA7Ba5vKH7TfGN","workflowName":"Import PennyLane (Daily Auto)","executionId":"3","nodeType":"n8n-nodes-base.readBinaryFile","nodeName":"Read Excel File","nodeId":"5f05baca-473c-4ca9-bf10-6887c5c66e8d"}}
{"__type":"$$EventMessageConfirm","confirm":"7450eeae-3989-4647-b5de-3db70d4517c0","ts":"2026-01-29T10:50:48.415-05:00","source":{"id":"0","name":"eventBus"}}
{"__type":"$$EventMessageNode","id":"e9a6c55b-fe12-4406-abc7-5f0eecd100bc","ts":"2026-01-29T10:50:48.420-05:00","eventName":"n8n.node.finished","message":"n8n.node.finished","payload":{"workflowId":"LklMwk2yA7Ba5vKH7TfGN","workflowName":"Import PennyLane (Daily Auto)","executionId":"3","nodeType":"n8n-nodes-base.readBinaryFile","nodeName":"Read Excel File","nodeId":"5f05baca-473c-4ca9-bf10-6887c5c66e8d"}}
{"__type":"$$EventMessageConfirm","confirm":"e9a6c55b-fe12-4406-abc7-5f0eecd100bc","ts":"2026-01-29T10:50:48.420-05:00","source":{"id":"0","name":"eventBus"}}
{"__type":"$$EventMessageWorkflow","id":"a0677a6a-d448-447e-8463-316ff263c4ec","ts":"2026-01-29T10:50:48.423-05:00","eventName":"n8n.workflow.failed","message":"n8n.workflow.failed","payload":{"userId":"171ea84d-7fa2-449a-a54d-1f19a8a585f2","executionId":"3","success":false,"isManual":true,"workflowId":"LklMwk2yA7Ba5vKH7TfGN","workflowName":"Import PennyLane (Daily Auto)","lastNodeExecuted":"Read Excel File","errorNodeType":"n8n-nodes-base.readBinaryFile","errorMessage":"Access to the file is not allowed. Allowed paths: /home/node/.n8n-files"}}
{"__type":"$$EventMessageConfirm","confirm":"a0677a6a-d448-447e-8463-316ff263c4ec","ts":"2026-01-29T10:50:48.424-05:00","source":{"id":"0","name":"eventBus"}}
{"__type":"$$EventMessageAudit","id":"96944113-0b83-4f7f-8662-f72c84d4e4f0","ts":"2026-01-29T10:50:48.603-05:00","eventName":"n8n.audit.workflow.updated","message":"n8n.audit.workflow.updated","payload":{"userId":"171ea84d-7fa2-449a-a54d-1f19a8a585f2","_email":"melanie@theoma.fr","_firstName":"Mélanie","_lastName":"VOYMANT","globalRole":"global:owner","workflowId":"LklMwk2yA7Ba5vKH7TfGN","workflowName":"Import PennyLane (Daily Auto)"}}
{"__type":"$$EventMessageConfirm","confirm":"96944113-0b83-4f7f-8662-f72c84d4e4f0","ts":"2026-01-29T10:50:48.603-05:00","source":{"id":"0","name":"eventBus"}}
