{"__type":"$$EventMessageWorkflow","id":"42fe8c66-78b3-4468-8b05-4ce28fac42df","ts":"2026-01-27T14:41:26.739+01:00","eventName":"n8n.workflow.started","message":"n8n.workflow.started","payload":{"executionId":"38","workflowId":"kCX96PQZcgrJXHRmBPIpz","isManual":false,"workflowName":"Import Pennylane Excel"}}
{"__type":"$$EventMessageConfirm","confirm":"42fe8c66-78b3-4468-8b05-4ce28fac42df","ts":"2026-01-27T14:41:26.740+01:00","source":{"id":"0","name":"eventBus"}}
{"__type":"$$EventMessageAudit","id":"a77779b6-23e0-45ba-9d56-222a75e3c457","ts":"2026-01-27T14:41:26.742+01:00","eventName":"n8n.audit.workflow.executed","message":"n8n.audit.workflow.executed","payload":{"userId":"c9d8aadb-d7d8-4982-a17b-a4fbf188d3fd","_email":"melanie@theoma.fr","_firstName":"Mélanie","_lastName":"VOYMANT","globalRole":"global:owner","workflowId":"kCX96PQZcgrJXHRmBPIpz","workflowName":"Import Pennylane Excel","executionId":"38","source":"user-manual"}}
{"__type":"$$EventMessageConfirm","confirm":"a77779b6-23e0-45ba-9d56-222a75e3c457","ts":"2026-01-27T14:41:26.742+01:00","source":{"id":"0","name":"eventBus"}}
{"__type":"$$EventMessageNode","id":"1cef5a87-f7cd-4894-8150-c85db521f386","ts":"2026-01-27T14:41:26.744+01:00","eventName":"n8n.node.started","message":"n8n.node.started","payload":{"workflowId":"kCX96PQZcgrJXHRmBPIpz","workflowName":"Import Pennylane Excel","executionId":"38","nodeType":"n8n-nodes-base.manualTrigger","nodeName":"When clicking \"Execute Workflow\"","nodeId":"0eb770b0-1a00-41a5-bdcf-8509b329d469"}}
{"__type":"$$EventMessageConfirm","confirm":"1cef5a87-f7cd-4894-8150-c85db521f386","ts":"2026-01-27T14:41:26.745+01:00","source":{"id":"0","name":"eventBus"}}
{"__type":"$$EventMessageNode","id":"ae023c8c-5998-4f22-ad75-dc4a75b4f58a","ts":"2026-01-27T14:41:26.751+01:00","eventName":"n8n.node.finished","message":"n8n.node.finished","payload":{"workflowId":"kCX96PQZcgrJXHRmBPIpz","workflowName":"Import Pennylane Excel","executionId":"38","nodeType":"n8n-nodes-base.manualTrigger","nodeName":"When clicking \"Execute Workflow\"","nodeId":"0eb770b0-1a00-41a5-bdcf-8509b329d469"}}
{"__type":"$$EventMessageConfirm","confirm":"ae023c8c-5998-4f22-ad75-dc4a75b4f58a","ts":"2026-01-27T14:41:26.751+01:00","source":{"id":"0","name":"eventBus"}}
{"__type":"$$EventMessageNode","id":"0f21dd0e-e79e-4a27-b8a9-9c489f66d18f","ts":"2026-01-27T14:41:26.754+01:00","eventName":"n8n.node.started","message":"n8n.node.started","payload":{"workflowId":"kCX96PQZcgrJXHRmBPIpz","workflowName":"Import Pennylane Excel","executionId":"38","nodeType":"n8n-nodes-base.readBinaryFile","nodeName":"Read Excel File","nodeId":"b0ed9a81-6534-424c-a1ef-579a1021d455"}}
{"__type":"$$EventMessageConfirm","confirm":"0f21dd0e-e79e-4a27-b8a9-9c489f66d18f","ts":"2026-01-27T14:41:26.754+01:00","source":{"id":"0","name":"eventBus"}}
{"__type":"$$EventMessageNode","id":"6f88e607-4a1c-4e1e-8fa2-ec16e25afb25","ts":"2026-01-27T14:41:26.801+01:00","eventName":"n8n.node.finished","message":"n8n.node.finished","payload":{"workflowId":"kCX96PQZcgrJXHRmBPIpz","workflowName":"Import Pennylane Excel","executionId":"38","nodeType":"n8n-nodes-base.readBinaryFile","nodeName":"Read Excel File","nodeId":"b0ed9a81-6534-424c-a1ef-579a1021d455"}}
{"__type":"$$EventMessageConfirm","confirm":"6f88e607-4a1c-4e1e-8fa2-ec16e25afb25","ts":"2026-01-27T14:41:26.801+01:00","source":{"id":"0","name":"eventBus"}}
{"__type":"$$EventMessageWorkflow","id":"14a34e52-4f17-49d8-b169-b0b929f20daf","ts":"2026-01-27T14:41:26.808+01:00","eventName":"n8n.workflow.failed","message":"n8n.workflow.failed","payload":{"userId":"c9d8aadb-d7d8-4982-a17b-a4fbf188d3fd","executionId":"38","success":false,"isManual":true,"workflowId":"kCX96PQZcgrJXHRmBPIpz","workflowName":"Import Pennylane Excel","lastNodeExecuted":"Read Excel File","errorNodeType":"n8n-nodes-base.readBinaryFile","errorMessage":"Access to the file is not allowed. Allowed paths: C:\\Users\\melanie.v/.n8n-files"}}
{"__type":"$$EventMessageConfirm","confirm":"14a34e52-4f17-49d8-b169-b0b929f20daf","ts":"2026-01-27T14:41:26.809+01:00","source":{"id":"0","name":"eventBus"}}
{"__type":"$$EventMessageWorkflow","id":"0d806e3a-8aa7-490a-b3ad-b70c15997550","ts":"2026-01-27T14:41:56.707+01:00","eventName":"n8n.workflow.started","message":"n8n.workflow.started","payload":{"executionId":"39","workflowId":"kCX96PQZcgrJXHRmBPIpz","isManual":false,"workflowName":"Import Pennylane Excel"}}
{"__type":"$$EventMessageConfirm","confirm":"0d806e3a-8aa7-490a-b3ad-b70c15997550","ts":"2026-01-27T14:41:56.707+01:00","source":{"id":"0","name":"eventBus"}}
{"__type":"$$EventMessageAudit","id":"2e430271-c2ec-440b-9c89-e6235e473478","ts":"2026-01-27T14:41:56.708+01:00","eventName":"n8n.audit.workflow.executed","message":"n8n.audit.workflow.executed","payload":{"userId":"c9d8aadb-d7d8-4982-a17b-a4fbf188d3fd","_email":"melanie@theoma.fr","_firstName":"Mélanie","_lastName":"VOYMANT","globalRole":"global:owner","workflowId":"kCX96PQZcgrJXHRmBPIpz","workflowName":"Import Pennylane Excel","executionId":"39","source":"user-manual"}}
{"__type":"$$EventMessageConfirm","confirm":"2e430271-c2ec-440b-9c89-e6235e473478","ts":"2026-01-27T14:41:56.708+01:00","source":{"id":"0","name":"eventBus"}}
{"__type":"$$EventMessageNode","id":"d93b1bd3-c80f-4d92-add1-5b51dcb94d04","ts":"2026-01-27T14:41:56.710+01:00","eventName":"n8n.node.started","message":"n8n.node.started","payload":{"workflowId":"kCX96PQZcgrJXHRmBPIpz","workflowName":"Import Pennylane Excel","executionId":"39","nodeType":"n8n-nodes-base.manualTrigger","nodeName":"When clicking \"Execute Workflow\"","nodeId":"0eb770b0-1a00-41a5-bdcf-8509b329d469"}}
{"__type":"$$EventMessageConfirm","confirm":"d93b1bd3-c80f-4d92-add1-5b51dcb94d04","ts":"2026-01-27T14:41:56.710+01:00","source":{"id":"0","name":"eventBus"}}
{"__type":"$$EventMessageNode","id":"0bb30743-cc21-4c44-9422-30f8c1714dff","ts":"2026-01-27T14:41:56.712+01:00","eventName":"n8n.node.finished","message":"n8n.node.finished","payload":{"workflowId":"kCX96PQZcgrJXHRmBPIpz","workflowName":"Import Pennylane Excel","executionId":"39","nodeType":"n8n-nodes-base.manualTrigger","nodeName":"When clicking \"Execute Workflow\"","nodeId":"0eb770b0-1a00-41a5-bdcf-8509b329d469"}}
{"__type":"$$EventMessageConfirm","confirm":"0bb30743-cc21-4c44-9422-30f8c1714dff","ts":"2026-01-27T14:41:56.712+01:00","source":{"id":"0","name":"eventBus"}}
{"__type":"$$EventMessageNode","id":"dd4a8e74-dc71-4c59-a91d-3b6bf3e977ca","ts":"2026-01-27T14:41:56.714+01:00","eventName":"n8n.node.started","message":"n8n.node.started","payload":{"workflowId":"kCX96PQZcgrJXHRmBPIpz","workflowName":"Import Pennylane Excel","executionId":"39","nodeType":"n8n-nodes-base.readBinaryFile","nodeName":"Read Excel File","nodeId":"b0ed9a81-6534-424c-a1ef-579a1021d455"}}
{"__type":"$$EventMessageConfirm","confirm":"dd4a8e74-dc71-4c59-a91d-3b6bf3e977ca","ts":"2026-01-27T14:41:56.714+01:00","source":{"id":"0","name":"eventBus"}}
{"__type":"$$EventMessageNode","id":"2f48f7c1-1331-40d8-b4ac-976385a6b192","ts":"2026-01-27T14:41:56.722+01:00","eventName":"n8n.node.finished","message":"n8n.node.finished","payload":{"workflowId":"kCX96PQZcgrJXHRmBPIpz","workflowName":"Import Pennylane Excel","executionId":"39","nodeType":"n8n-nodes-base.readBinaryFile","nodeName":"Read Excel File","nodeId":"b0ed9a81-6534-424c-a1ef-579a1021d455"}}
{"__type":"$$EventMessageConfirm","confirm":"2f48f7c1-1331-40d8-b4ac-976385a6b192","ts":"2026-01-27T14:41:56.722+01:00","source":{"id":"0","name":"eventBus"}}
{"__type":"$$EventMessageWorkflow","id":"ec9879de-27b7-4490-9b1c-04d77afbeae9","ts":"2026-01-27T14:41:56.727+01:00","eventName":"n8n.workflow.failed","message":"n8n.workflow.failed","payload":{"userId":"c9d8aadb-d7d8-4982-a17b-a4fbf188d3fd","executionId":"39","success":false,"isManual":true,"workflowId":"kCX96PQZcgrJXHRmBPIpz","workflowName":"Import Pennylane Excel","lastNodeExecuted":"Read Excel File","errorNodeType":"n8n-nodes-base.readBinaryFile","errorMessage":"Access to the file is not allowed. Allowed paths: C:\\Users\\melanie.v/.n8n-files"}}
{"__type":"$$EventMessageConfirm","confirm":"ec9879de-27b7-4490-9b1c-04d77afbeae9","ts":"2026-01-27T14:41:56.727+01:00","source":{"id":"0","name":"eventBus"}}
