{"__type":"$$EventMessageWorkflow","id":"76a1481d-334a-465e-89e3-31dd50918ba1","ts":"2026-01-27T14:49:46.854+01:00","eventName":"n8n.workflow.started","message":"n8n.workflow.started","payload":{"executionId":"43","workflowId":"kCX96PQZcgrJXHRmBPIpz","isManual":false,"workflowName":"Import Pennylane Excel"}}
{"__type":"$$EventMessageConfirm","confirm":"76a1481d-334a-465e-89e3-31dd50918ba1","ts":"2026-01-27T14:49:46.854+01:00","source":{"id":"0","name":"eventBus"}}
{"__type":"$$EventMessageAudit","id":"87e178a1-e6a8-469d-87fb-1fa8db872283","ts":"2026-01-27T14:49:46.857+01:00","eventName":"n8n.audit.workflow.executed","message":"n8n.audit.workflow.executed","payload":{"userId":"c9d8aadb-d7d8-4982-a17b-a4fbf188d3fd","_email":"melanie@theoma.fr","_firstName":"Mélanie","_lastName":"VOYMANT","globalRole":"global:owner","workflowId":"kCX96PQZcgrJXHRmBPIpz","workflowName":"Import Pennylane Excel","executionId":"43","source":"user-manual"}}
{"__type":"$$EventMessageConfirm","confirm":"87e178a1-e6a8-469d-87fb-1fa8db872283","ts":"2026-01-27T14:49:46.857+01:00","source":{"id":"0","name":"eventBus"}}
{"__type":"$$EventMessageNode","id":"35aeccf3-168d-4069-9ed1-2fe61c36b6fe","ts":"2026-01-27T14:49:46.858+01:00","eventName":"n8n.node.started","message":"n8n.node.started","payload":{"workflowId":"kCX96PQZcgrJXHRmBPIpz","workflowName":"Import Pennylane Excel","executionId":"43","nodeType":"n8n-nodes-base.manualTrigger","nodeName":"When clicking \"Execute Workflow\"","nodeId":"0eb770b0-1a00-41a5-bdcf-8509b329d469"}}
{"__type":"$$EventMessageConfirm","confirm":"35aeccf3-168d-4069-9ed1-2fe61c36b6fe","ts":"2026-01-27T14:49:46.859+01:00","source":{"id":"0","name":"eventBus"}}
{"__type":"$$EventMessageNode","id":"51f8c053-0d1a-4e3d-9a8f-11cc141c501d","ts":"2026-01-27T14:49:46.863+01:00","eventName":"n8n.node.finished","message":"n8n.node.finished","payload":{"workflowId":"kCX96PQZcgrJXHRmBPIpz","workflowName":"Import Pennylane Excel","executionId":"43","nodeType":"n8n-nodes-base.manualTrigger","nodeName":"When clicking \"Execute Workflow\"","nodeId":"0eb770b0-1a00-41a5-bdcf-8509b329d469"}}
{"__type":"$$EventMessageConfirm","confirm":"51f8c053-0d1a-4e3d-9a8f-11cc141c501d","ts":"2026-01-27T14:49:46.863+01:00","source":{"id":"0","name":"eventBus"}}
{"__type":"$$EventMessageNode","id":"36538e71-a7e7-4a9a-a452-bce670f9c5cc","ts":"2026-01-27T14:49:46.870+01:00","eventName":"n8n.node.started","message":"n8n.node.started","payload":{"workflowId":"kCX96PQZcgrJXHRmBPIpz","workflowName":"Import Pennylane Excel","executionId":"43","nodeType":"n8n-nodes-base.readBinaryFile","nodeName":"Read Excel File","nodeId":"b0ed9a81-6534-424c-a1ef-579a1021d455"}}
{"__type":"$$EventMessageConfirm","confirm":"36538e71-a7e7-4a9a-a452-bce670f9c5cc","ts":"2026-01-27T14:49:46.870+01:00","source":{"id":"0","name":"eventBus"}}
{"__type":"$$EventMessageNode","id":"fbe6643e-781a-452e-8d61-7ac6263e715a","ts":"2026-01-27T14:49:46.917+01:00","eventName":"n8n.node.finished","message":"n8n.node.finished","payload":{"workflowId":"kCX96PQZcgrJXHRmBPIpz","workflowName":"Import Pennylane Excel","executionId":"43","nodeType":"n8n-nodes-base.readBinaryFile","nodeName":"Read Excel File","nodeId":"b0ed9a81-6534-424c-a1ef-579a1021d455"}}
{"__type":"$$EventMessageConfirm","confirm":"fbe6643e-781a-452e-8d61-7ac6263e715a","ts":"2026-01-27T14:49:46.917+01:00","source":{"id":"0","name":"eventBus"}}
{"__type":"$$EventMessageWorkflow","id":"63d0bd5a-6783-4827-b568-f9d08ea86bca","ts":"2026-01-27T14:49:46.925+01:00","eventName":"n8n.workflow.success","message":"n8n.workflow.success","payload":{"userId":"c9d8aadb-d7d8-4982-a17b-a4fbf188d3fd","executionId":"43","success":true,"isManual":true,"workflowId":"kCX96PQZcgrJXHRmBPIpz","workflowName":"Import Pennylane Excel"}}
{"__type":"$$EventMessageConfirm","confirm":"63d0bd5a-6783-4827-b568-f9d08ea86bca","ts":"2026-01-27T14:49:46.925+01:00","source":{"id":"0","name":"eventBus"}}
{"__type":"$$EventMessageWorkflow","id":"e8097e91-4a2f-401f-b92a-a965752c236c","ts":"2026-01-27T14:50:10.375+01:00","eventName":"n8n.workflow.started","message":"n8n.workflow.started","payload":{"executionId":"44","workflowId":"kCX96PQZcgrJXHRmBPIpz","isManual":false,"workflowName":"Import Pennylane Excel"}}
{"__type":"$$EventMessageConfirm","confirm":"e8097e91-4a2f-401f-b92a-a965752c236c","ts":"2026-01-27T14:50:10.375+01:00","source":{"id":"0","name":"eventBus"}}
{"__type":"$$EventMessageAudit","id":"700c330d-9005-4dd9-8726-c40912b2fb0f","ts":"2026-01-27T14:50:10.377+01:00","eventName":"n8n.audit.workflow.executed","message":"n8n.audit.workflow.executed","payload":{"userId":"c9d8aadb-d7d8-4982-a17b-a4fbf188d3fd","_email":"melanie@theoma.fr","_firstName":"Mélanie","_lastName":"VOYMANT","globalRole":"global:owner","workflowId":"kCX96PQZcgrJXHRmBPIpz","workflowName":"Import Pennylane Excel","executionId":"44","source":"user-manual"}}
{"__type":"$$EventMessageConfirm","confirm":"700c330d-9005-4dd9-8726-c40912b2fb0f","ts":"2026-01-27T14:50:10.377+01:00","source":{"id":"0","name":"eventBus"}}
{"__type":"$$EventMessageNode","id":"fb608e3b-d6d6-4f50-ac90-3072b9698f23","ts":"2026-01-27T14:50:10.378+01:00","eventName":"n8n.node.started","message":"n8n.node.started","payload":{"workflowId":"kCX96PQZcgrJXHRmBPIpz","workflowName":"Import Pennylane Excel","executionId":"44","nodeType":"n8n-nodes-base.spreadsheetFile","nodeName":"Parse Spreadsheet","nodeId":"7ec493a7-c27e-40ae-91c0-9204d91b1e5a"}}
{"__type":"$$EventMessageConfirm","confirm":"fb608e3b-d6d6-4f50-ac90-3072b9698f23","ts":"2026-01-27T14:50:10.378+01:00","source":{"id":"0","name":"eventBus"}}
{"__type":"$$EventMessageNode","id":"2a295aaf-1ff1-4b86-aaa2-c717f643e6ba","ts":"2026-01-27T14:50:13.355+01:00","eventName":"n8n.node.finished","message":"n8n.node.finished","payload":{"workflowId":"kCX96PQZcgrJXHRmBPIpz","workflowName":"Import Pennylane Excel","executionId":"44","nodeType":"n8n-nodes-base.spreadsheetFile","nodeName":"Parse Spreadsheet","nodeId":"7ec493a7-c27e-40ae-91c0-9204d91b1e5a"}}
{"__type":"$$EventMessageConfirm","confirm":"2a295aaf-1ff1-4b86-aaa2-c717f643e6ba","ts":"2026-01-27T14:50:13.355+01:00","source":{"id":"0","name":"eventBus"}}
{"__type":"$$EventMessageWorkflow","id":"fd64ccee-f6bc-41af-98e1-3d7d8ab05097","ts":"2026-01-27T14:50:13.505+01:00","eventName":"n8n.workflow.success","message":"n8n.workflow.success","payload":{"userId":"c9d8aadb-d7d8-4982-a17b-a4fbf188d3fd","executionId":"44","success":true,"isManual":true,"workflowId":"kCX96PQZcgrJXHRmBPIpz","workflowName":"Import Pennylane Excel"}}
{"__type":"$$EventMessageConfirm","confirm":"fd64ccee-f6bc-41af-98e1-3d7d8ab05097","ts":"2026-01-27T14:50:13.506+01:00","source":{"id":"0","name":"eventBus"}}
{"__type":"$$EventMessageWorkflow","id":"38569eec-1bfb-42c2-ae88-7b34bc33664d","ts":"2026-01-27T14:50:25.137+01:00","eventName":"n8n.workflow.started","message":"n8n.workflow.started","payload":{"executionId":"45","workflowId":"kCX96PQZcgrJXHRmBPIpz","isManual":false,"workflowName":"Import Pennylane Excel"}}
{"__type":"$$EventMessageConfirm","confirm":"38569eec-1bfb-42c2-ae88-7b34bc33664d","ts":"2026-01-27T14:50:25.137+01:00","source":{"id":"0","name":"eventBus"}}
{"__type":"$$EventMessageAudit","id":"c99726d4-e93d-4b36-922f-122286c650b2","ts":"2026-01-27T14:50:25.480+01:00","eventName":"n8n.audit.workflow.executed","message":"n8n.audit.workflow.executed","payload":{"userId":"c9d8aadb-d7d8-4982-a17b-a4fbf188d3fd","_email":"melanie@theoma.fr","_firstName":"Mélanie","_lastName":"VOYMANT","globalRole":"global:owner","workflowId":"kCX96PQZcgrJXHRmBPIpz","workflowName":"Import Pennylane Excel","executionId":"45","source":"user-manual"}}
{"__type":"$$EventMessageConfirm","confirm":"c99726d4-e93d-4b36-922f-122286c650b2","ts":"2026-01-27T14:50:25.481+01:00","source":{"id":"0","name":"eventBus"}}
{"__type":"$$EventMessageNode","id":"f73ecd68-bb42-45a7-b2aa-41a4e3dfc8cf","ts":"2026-01-27T14:50:25.511+01:00","eventName":"n8n.node.started","message":"n8n.node.started","payload":{"workflowId":"kCX96PQZcgrJXHRmBPIpz","workflowName":"Import Pennylane Excel","executionId":"45","nodeType":"n8n-nodes-base.code","nodeName":"Transform & Aggregate","nodeId":"fad69d15-af05-4698-a867-740db174420a"}}
{"__type":"$$EventMessageConfirm","confirm":"f73ecd68-bb42-45a7-b2aa-41a4e3dfc8cf","ts":"2026-01-27T14:50:25.511+01:00","source":{"id":"0","name":"eventBus"}}
{"__type":"$$EventMessageRunner","id":"413ab7a0-4946-43d1-a98c-c602c351ce3d","ts":"2026-01-27T14:50:25.520+01:00","eventName":"n8n.runner.task.requested","message":"n8n.runner.task.requested","payload":{"taskId":"9SrNDBY2","nodeId":"fad69d15-af05-4698-a867-740db174420a","workflowId":"kCX96PQZcgrJXHRmBPIpz","executionId":"45"}}
{"__type":"$$EventMessageConfirm","confirm":"413ab7a0-4946-43d1-a98c-c602c351ce3d","ts":"2026-01-27T14:50:25.520+01:00","source":{"id":"0","name":"eventBus"}}
{"__type":"$$EventMessageRunner","id":"94ed31a8-3b87-4400-8160-667902e1b034","ts":"2026-01-27T14:50:26.164+01:00","eventName":"n8n.runner.response.received","message":"n8n.runner.response.received","payload":{"taskId":"9SrNDBY2","nodeId":"fad69d15-af05-4698-a867-740db174420a","workflowId":"kCX96PQZcgrJXHRmBPIpz","executionId":"45"}}
{"__type":"$$EventMessageConfirm","confirm":"94ed31a8-3b87-4400-8160-667902e1b034","ts":"2026-01-27T14:50:26.165+01:00","source":{"id":"0","name":"eventBus"}}
{"__type":"$$EventMessageNode","id":"79c015fc-0aa7-4abb-85a0-cbd12685fa8b","ts":"2026-01-27T14:50:26.169+01:00","eventName":"n8n.node.finished","message":"n8n.node.finished","payload":{"workflowId":"kCX96PQZcgrJXHRmBPIpz","workflowName":"Import Pennylane Excel","executionId":"45","nodeType":"n8n-nodes-base.code","nodeName":"Transform & Aggregate","nodeId":"fad69d15-af05-4698-a867-740db174420a"}}
{"__type":"$$EventMessageConfirm","confirm":"79c015fc-0aa7-4abb-85a0-cbd12685fa8b","ts":"2026-01-27T14:50:26.169+01:00","source":{"id":"0","name":"eventBus"}}
{"__type":"$$EventMessageWorkflow","id":"a6a674e3-c934-4c4c-b38f-c50900c56b2f","ts":"2026-01-27T14:50:26.181+01:00","eventName":"n8n.workflow.success","message":"n8n.workflow.success","payload":{"userId":"c9d8aadb-d7d8-4982-a17b-a4fbf188d3fd","executionId":"45","success":true,"isManual":true,"workflowId":"kCX96PQZcgrJXHRmBPIpz","workflowName":"Import Pennylane Excel"}}
{"__type":"$$EventMessageConfirm","confirm":"a6a674e3-c934-4c4c-b38f-c50900c56b2f","ts":"2026-01-27T14:50:26.181+01:00","source":{"id":"0","name":"eventBus"}}
