{"__type":"$$EventMessageWorkflow","id":"76a1481d-334a-465e-89e3-31dd50918ba1","ts":"2026-01-27T14:49:46.854+01:00","eventName":"n8n.workflow.started","message":"n8n.workflow.started","payload":{"executionId":"43","workflowId":"kCX96PQZcgrJXHRmBPIpz","isManual":false,"workflowName":"Import Pennylane Excel"}}
{"__type":"$$EventMessageConfirm","confirm":"76a1481d-334a-465e-89e3-31dd50918ba1","ts":"2026-01-27T14:49:46.854+01:00","source":{"id":"0","name":"eventBus"}}
{"__type":"$$EventMessageAudit","id":"87e178a1-e6a8-469d-87fb-1fa8db872283","ts":"2026-01-27T14:49:46.857+01:00","eventName":"n8n.audit.workflow.executed","message":"n8n.audit.workflow.executed","payload":{"userId":"c9d8aadb-d7d8-4982-a17b-a4fbf188d3fd","_email":"melanie@theoma.fr","_firstName":"Mélanie","_lastName":"VOYMANT","globalRole":"global:owner","workflowId":"kCX96PQZcgrJXHRmBPIpz","workflowName":"Import Pennylane Excel","executionId":"43","source":"user-manual"}}
{"__type":"$$EventMessageConfirm","confirm":"87e178a1-e6a8-469d-87fb-1fa8db872283","ts":"2026-01-27T14:49:46.857+01:00","source":{"id":"0","name":"eventBus"}}
{"__type":"$$EventMessageNode","id":"35aeccf3-168d-4069-9ed1-2fe61c36b6fe","ts":"2026-01-27T14:49:46.858+01:00","eventName":"n8n.node.started","message":"n8n.node.started","payload":{"workflowId":"kCX96PQZcgrJXHRmBPIpz","workflowName":"Import Pennylane Excel","executionId":"43","nodeType":"n8n-nodes-base.manualTrigger","nodeName":"When clicking \"Execute Workflow\"","nodeId":"0eb770b0-1a00-41a5-bdcf-8509b329d469"}}
{"__type":"$$EventMessageConfirm","confirm":"35aeccf3-168d-4069-9ed1-2fe61c36b6fe","ts":"2026-01-27T14:49:46.859+01:00","source":{"id":"0","name":"eventBus"}}
{"__type":"$$EventMessageNode","id":"51f8c053-0d1a-4e3d-9a8f-11cc141c501d","ts":"2026-01-27T14:49:46.863+01:00","eventName":"n8n.node.finished","message":"n8n.node.finished","payload":{"workflowId":"kCX96PQZcgrJXHRmBPIpz","workflowName":"Import Pennylane Excel","executionId":"43","nodeType":"n8n-nodes-base.manualTrigger","nodeName":"When clicking \"Execute Workflow\"","nodeId":"0eb770b0-1a00-41a5-bdcf-8509b329d469"}}
{"__type":"$$EventMessageConfirm","confirm":"51f8c053-0d1a-4e3d-9a8f-11cc141c501d","ts":"2026-01-27T14:49:46.863+01:00","source":{"id":"0","name":"eventBus"}}
{"__type":"$$EventMessageNode","id":"36538e71-a7e7-4a9a-a452-bce670f9c5cc","ts":"2026-01-27T14:49:46.870+01:00","eventName":"n8n.node.started","message":"n8n.node.started","payload":{"workflowId":"kCX96PQZcgrJXHRmBPIpz","workflowName":"Import Pennylane Excel","executionId":"43","nodeType":"n8n-nodes-base.readBinaryFile","nodeName":"Read Excel File","nodeId":"b0ed9a81-6534-424c-a1ef-579a1021d455"}}
{"__type":"$$EventMessageConfirm","confirm":"36538e71-a7e7-4a9a-a452-bce670f9c5cc","ts":"2026-01-27T14:49:46.870+01:00","source":{"id":"0","name":"eventBus"}}
{"__type":"$$EventMessageNode","id":"fbe6643e-781a-452e-8d61-7ac6263e715a","ts":"2026-01-27T14:49:46.917+01:00","eventName":"n8n.node.finished","message":"n8n.node.finished","payload":{"workflowId":"kCX96PQZcgrJXHRmBPIpz","workflowName":"Import Pennylane Excel","executionId":"43","nodeType":"n8n-nodes-base.readBinaryFile","nodeName":"Read Excel File","nodeId":"b0ed9a81-6534-424c-a1ef-579a1021d455"}}
{"__type":"$$EventMessageConfirm","confirm":"fbe6643e-781a-452e-8d61-7ac6263e715a","ts":"2026-01-27T14:49:46.917+01:00","source":{"id":"0","name":"eventBus"}}
{"__type":"$$EventMessageWorkflow","id":"63d0bd5a-6783-4827-b568-f9d08ea86bca","ts":"2026-01-27T14:49:46.925+01:00","eventName":"n8n.workflow.success","message":"n8n.workflow.success","payload":{"userId":"c9d8aadb-d7d8-4982-a17b-a4fbf188d3fd","executionId":"43","success":true,"isManual":true,"workflowId":"kCX96PQZcgrJXHRmBPIpz","workflowName":"Import Pennylane Excel"}}
{"__type":"$$EventMessageConfirm","confirm":"63d0bd5a-6783-4827-b568-f9d08ea86bca","ts":"2026-01-27T14:49:46.925+01:00","source":{"id":"0","name":"eventBus"}}
{"__type":"$$EventMessageWorkflow","id":"e8097e91-4a2f-401f-b92a-a965752c236c","ts":"2026-01-27T14:50:10.375+01:00","eventName":"n8n.workflow.started","message":"n8n.workflow.started","payload":{"executionId":"44","workflowId":"kCX96PQZcgrJXHRmBPIpz","isManual":false,"workflowName":"Import Pennylane Excel"}}
{"__type":"$$EventMessageConfirm","confirm":"e8097e91-4a2f-401f-b92a-a965752c236c","ts":"2026-01-27T14:50:10.375+01:00","source":{"id":"0","name":"eventBus"}}
{"__type":"$$EventMessageAudit","id":"700c330d-9005-4dd9-8726-c40912b2fb0f","ts":"2026-01-27T14:50:10.377+01:00","eventName":"n8n.audit.workflow.executed","message":"n8n.audit.workflow.executed","payload":{"userId":"c9d8aadb-d7d8-4982-a17b-a4fbf188d3fd","_email":"melanie@theoma.fr","_firstName":"Mélanie","_lastName":"VOYMANT","globalRole":"global:owner","workflowId":"kCX96PQZcgrJXHRmBPIpz","workflowName":"Import Pennylane Excel","executionId":"44","source":"user-manual"}}
{"__type":"$$EventMessageConfirm","confirm":"700c330d-9005-4dd9-8726-c40912b2fb0f","ts":"2026-01-27T14:50:10.377+01:00","source":{"id":"0","name":"eventBus"}}
{"__type":"$$EventMessageNode","id":"fb608e3b-d6d6-4f50-ac90-3072b9698f23","ts":"2026-01-27T14:50:10.378+01:00","eventName":"n8n.node.started","message":"n8n.node.started","payload":{"workflowId":"kCX96PQZcgrJXHRmBPIpz","workflowName":"Import Pennylane Excel","executionId":"44","nodeType":"n8n-nodes-base.spreadsheetFile","nodeName":"Parse Spreadsheet","nodeId":"7ec493a7-c27e-40ae-91c0-9204d91b1e5a"}}
{"__type":"$$EventMessageConfirm","confirm":"fb608e3b-d6d6-4f50-ac90-3072b9698f23","ts":"2026-01-27T14:50:10.378+01:00","source":{"id":"0","name":"eventBus"}}
{"__type":"$$EventMessageNode","id":"2a295aaf-1ff1-4b86-aaa2-c717f643e6ba","ts":"2026-01-27T14:50:13.355+01:00","eventName":"n8n.node.finished","message":"n8n.node.finished","payload":{"workflowId":"kCX96PQZcgrJXHRmBPIpz","workflowName":"Import Pennylane Excel","executionId":"44","nodeType":"n8n-nodes-base.spreadsheetFile","nodeName":"Parse Spreadsheet","nodeId":"7ec493a7-c27e-40ae-91c0-9204d91b1e5a"}}
{"__type":"$$EventMessageConfirm","confirm":"2a295aaf-1ff1-4b86-aaa2-c717f643e6ba","ts":"2026-01-27T14:50:13.355+01:00","source":{"id":"0","name":"eventBus"}}
{"__type":"$$EventMessageWorkflow","id":"fd64ccee-f6bc-41af-98e1-3d7d8ab05097","ts":"2026-01-27T14:50:13.505+01:00","eventName":"n8n.workflow.success","message":"n8n.workflow.success","payload":{"userId":"c9d8aadb-d7d8-4982-a17b-a4fbf188d3fd","executionId":"44","success":true,"isManual":true,"workflowId":"kCX96PQZcgrJXHRmBPIpz","workflowName":"Import Pennylane Excel"}}
{"__type":"$$EventMessageConfirm","confirm":"fd64ccee-f6bc-41af-98e1-3d7d8ab05097","ts":"2026-01-27T14:50:13.506+01:00","source":{"id":"0","name":"eventBus"}}
{"__type":"$$EventMessageWorkflow","id":"38569eec-1bfb-42c2-ae88-7b34bc33664d","ts":"2026-01-27T14:50:25.137+01:00","eventName":"n8n.workflow.started","message":"n8n.workflow.started","payload":{"executionId":"45","workflowId":"kCX96PQZcgrJXHRmBPIpz","isManual":false,"workflowName":"Import Pennylane Excel"}}
{"__type":"$$EventMessageConfirm","confirm":"38569eec-1bfb-42c2-ae88-7b34bc33664d","ts":"2026-01-27T14:50:25.137+01:00","source":{"id":"0","name":"eventBus"}}
{"__type":"$$EventMessageAudit","id":"c99726d4-e93d-4b36-922f-122286c650b2","ts":"2026-01-27T14:50:25.480+01:00","eventName":"n8n.audit.workflow.executed","message":"n8n.audit.workflow.executed","payload":{"userId":"c9d8aadb-d7d8-4982-a17b-a4fbf188d3fd","_email":"melanie@theoma.fr","_firstName":"Mélanie","_lastName":"VOYMANT","globalRole":"global:owner","workflowId":"kCX96PQZcgrJXHRmBPIpz","workflowName":"Import Pennylane Excel","executionId":"45","source":"user-manual"}}
{"__type":"$$EventMessageConfirm","confirm":"c99726d4-e93d-4b36-922f-122286c650b2","ts":"2026-01-27T14:50:25.481+01:00","source":{"id":"0","name":"eventBus"}}
{"__type":"$$EventMessageNode","id":"f73ecd68-bb42-45a7-b2aa-41a4e3dfc8cf","ts":"2026-01-27T14:50:25.511+01:00","eventName":"n8n.node.started","message":"n8n.node.started","payload":{"workflowId":"kCX96PQZcgrJXHRmBPIpz","workflowName":"Import Pennylane Excel","executionId":"45","nodeType":"n8n-nodes-base.code","nodeName":"Transform & Aggregate","nodeId":"fad69d15-af05-4698-a867-740db174420a"}}
{"__type":"$$EventMessageConfirm","confirm":"f73ecd68-bb42-45a7-b2aa-41a4e3dfc8cf","ts":"2026-01-27T14:50:25.511+01:00","source":{"id":"0","name":"eventBus"}}
{"__type":"$$EventMessageRunner","id":"413ab7a0-4946-43d1-a98c-c602c351ce3d","ts":"2026-01-27T14:50:25.520+01:00","eventName":"n8n.runner.task.requested","message":"n8n.runner.task.requested","payload":{"taskId":"9SrNDBY2","nodeId":"fad69d15-af05-4698-a867-740db174420a","workflowId":"kCX96PQZcgrJXHRmBPIpz","executionId":"45"}}
{"__type":"$$EventMessageConfirm","confirm":"413ab7a0-4946-43d1-a98c-c602c351ce3d","ts":"2026-01-27T14:50:25.520+01:00","source":{"id":"0","name":"eventBus"}}
{"__type":"$$EventMessageRunner","id":"94ed31a8-3b87-4400-8160-667902e1b034","ts":"2026-01-27T14:50:26.164+01:00","eventName":"n8n.runner.response.received","message":"n8n.runner.response.received","payload":{"taskId":"9SrNDBY2","nodeId":"fad69d15-af05-4698-a867-740db174420a","workflowId":"kCX96PQZcgrJXHRmBPIpz","executionId":"45"}}
{"__type":"$$EventMessageConfirm","confirm":"94ed31a8-3b87-4400-8160-667902e1b034","ts":"2026-01-27T14:50:26.165+01:00","source":{"id":"0","name":"eventBus"}}
{"__type":"$$EventMessageNode","id":"79c015fc-0aa7-4abb-85a0-cbd12685fa8b","ts":"2026-01-27T14:50:26.169+01:00","eventName":"n8n.node.finished","message":"n8n.node.finished","payload":{"workflowId":"kCX96PQZcgrJXHRmBPIpz","workflowName":"Import Pennylane Excel","executionId":"45","nodeType":"n8n-nodes-base.code","nodeName":"Transform & Aggregate","nodeId":"fad69d15-af05-4698-a867-740db174420a"}}
{"__type":"$$EventMessageConfirm","confirm":"79c015fc-0aa7-4abb-85a0-cbd12685fa8b","ts":"2026-01-27T14:50:26.169+01:00","source":{"id":"0","name":"eventBus"}}
{"__type":"$$EventMessageWorkflow","id":"a6a674e3-c934-4c4c-b38f-c50900c56b2f","ts":"2026-01-27T14:50:26.181+01:00","eventName":"n8n.workflow.success","message":"n8n.workflow.success","payload":{"userId":"c9d8aadb-d7d8-4982-a17b-a4fbf188d3fd","executionId":"45","success":true,"isManual":true,"workflowId":"kCX96PQZcgrJXHRmBPIpz","workflowName":"Import Pennylane Excel"}}
{"__type":"$$EventMessageConfirm","confirm":"a6a674e3-c934-4c4c-b38f-c50900c56b2f","ts":"2026-01-27T14:50:26.181+01:00","source":{"id":"0","name":"eventBus"}}
{"__type":"$$EventMessageWorkflow","id":"70bb104b-71fc-4b09-8fb7-97e912101b5d","ts":"2026-01-27T10:40:38.354-05:00","eventName":"n8n.workflow.started","message":"n8n.workflow.started","payload":{"executionId":"46","workflowId":"gzKfHFp5a4ZhQUIFOX_OH","isManual":false,"workflowName":"[PROD] Analyse Hebdomadaire des Temps"}}
{"__type":"$$EventMessageConfirm","confirm":"70bb104b-71fc-4b09-8fb7-97e912101b5d","ts":"2026-01-27T10:40:38.355-05:00","source":{"id":"0","name":"eventBus"}}
{"__type":"$$EventMessageAudit","id":"da2777d8-8f81-48f7-a7d6-c48e394d19b7","ts":"2026-01-27T10:40:38.356-05:00","eventName":"n8n.audit.workflow.executed","message":"n8n.audit.workflow.executed","payload":{"userId":"c9d8aadb-d7d8-4982-a17b-a4fbf188d3fd","_email":"melanie@theoma.fr","_firstName":"Mélanie","_lastName":"VOYMANT","globalRole":"global:owner","workflowId":"gzKfHFp5a4ZhQUIFOX_OH","workflowName":"[PROD] Analyse Hebdomadaire des Temps","executionId":"46","source":"user-manual"}}
{"__type":"$$EventMessageConfirm","confirm":"da2777d8-8f81-48f7-a7d6-c48e394d19b7","ts":"2026-01-27T10:40:38.356-05:00","source":{"id":"0","name":"eventBus"}}
{"__type":"$$EventMessageNode","id":"874a983f-ddb0-48e9-99d1-2e9c31755cf2","ts":"2026-01-27T10:40:38.357-05:00","eventName":"n8n.node.started","message":"n8n.node.started","payload":{"workflowId":"gzKfHFp5a4ZhQUIFOX_OH","workflowName":"[PROD] Analyse Hebdomadaire des Temps","executionId":"46","nodeType":"n8n-nodes-base.manualTrigger","nodeName":"When clicking ‘Execute workflow’","nodeId":"477d9bff-7806-48b3-9281-34fb0e14c858"}}
{"__type":"$$EventMessageConfirm","confirm":"874a983f-ddb0-48e9-99d1-2e9c31755cf2","ts":"2026-01-27T10:40:38.357-05:00","source":{"id":"0","name":"eventBus"}}
{"__type":"$$EventMessageNode","id":"a024989e-ce4c-435f-85ba-8bb996f99c65","ts":"2026-01-27T10:40:38.360-05:00","eventName":"n8n.node.finished","message":"n8n.node.finished","payload":{"workflowId":"gzKfHFp5a4ZhQUIFOX_OH","workflowName":"[PROD] Analyse Hebdomadaire des Temps","executionId":"46","nodeType":"n8n-nodes-base.manualTrigger","nodeName":"When clicking ‘Execute workflow’","nodeId":"477d9bff-7806-48b3-9281-34fb0e14c858"}}
{"__type":"$$EventMessageConfirm","confirm":"a024989e-ce4c-435f-85ba-8bb996f99c65","ts":"2026-01-27T10:40:38.360-05:00","source":{"id":"0","name":"eventBus"}}
{"__type":"$$EventMessageNode","id":"12af6498-e7f4-41df-aa01-2c290e562a8b","ts":"2026-01-27T10:40:38.362-05:00","eventName":"n8n.node.started","message":"n8n.node.started","payload":{"workflowId":"gzKfHFp5a4ZhQUIFOX_OH","workflowName":"[PROD] Analyse Hebdomadaire des Temps","executionId":"46","nodeType":"n8n-nodes-base.postgres","nodeName":"Get Timesheets (Pennylane)","nodeId":"ce0ed6fd-220f-4e1a-89eb-318fe2bbe065"}}
{"__type":"$$EventMessageConfirm","confirm":"12af6498-e7f4-41df-aa01-2c290e562a8b","ts":"2026-01-27T10:40:38.362-05:00","source":{"id":"0","name":"eventBus"}}
{"__type":"$$EventMessageNode","id":"2f48f739-e229-4d5b-b6a0-3f9109f451b0","ts":"2026-01-27T10:40:40.064-05:00","eventName":"n8n.node.finished","message":"n8n.node.finished","payload":{"workflowId":"gzKfHFp5a4ZhQUIFOX_OH","workflowName":"[PROD] Analyse Hebdomadaire des Temps","executionId":"46","nodeType":"n8n-nodes-base.postgres","nodeName":"Get Timesheets (Pennylane)","nodeId":"ce0ed6fd-220f-4e1a-89eb-318fe2bbe065"}}
{"__type":"$$EventMessageConfirm","confirm":"2f48f739-e229-4d5b-b6a0-3f9109f451b0","ts":"2026-01-27T10:40:40.064-05:00","source":{"id":"0","name":"eventBus"}}
{"__type":"$$EventMessageWorkflow","id":"f23a0a76-767a-44c4-9dbc-00b3b5026aaf","ts":"2026-01-27T10:40:40.068-05:00","eventName":"n8n.workflow.success","message":"n8n.workflow.success","payload":{"userId":"c9d8aadb-d7d8-4982-a17b-a4fbf188d3fd","executionId":"46","success":true,"isManual":true,"workflowId":"gzKfHFp5a4ZhQUIFOX_OH","workflowName":"[PROD] Analyse Hebdomadaire des Temps"}}
{"__type":"$$EventMessageConfirm","confirm":"f23a0a76-767a-44c4-9dbc-00b3b5026aaf","ts":"2026-01-27T10:40:40.068-05:00","source":{"id":"0","name":"eventBus"}}
{"__type":"$$EventMessageAudit","id":"204689cf-622c-4413-b0e8-f721c8e52285","ts":"2026-01-27T10:40:50.452-05:00","eventName":"n8n.audit.workflow.updated","message":"n8n.audit.workflow.updated","payload":{"userId":"c9d8aadb-d7d8-4982-a17b-a4fbf188d3fd","_email":"melanie@theoma.fr","_firstName":"Mélanie","_lastName":"VOYMANT","globalRole":"global:owner","workflowId":"gzKfHFp5a4ZhQUIFOX_OH","workflowName":"[PROD] Analyse Hebdomadaire des Temps"}}
{"__type":"$$EventMessageConfirm","confirm":"204689cf-622c-4413-b0e8-f721c8e52285","ts":"2026-01-27T10:40:50.452-05:00","source":{"id":"0","name":"eventBus"}}
{"__type":"$$EventMessageAudit","id":"1b6a66c5-9d54-4282-b443-7cef9cbf1f77","ts":"2026-01-27T10:40:56.067-05:00","eventName":"n8n.audit.workflow.updated","message":"n8n.audit.workflow.updated","payload":{"userId":"c9d8aadb-d7d8-4982-a17b-a4fbf188d3fd","_email":"melanie@theoma.fr","_firstName":"Mélanie","_lastName":"VOYMANT","globalRole":"global:owner","workflowId":"gzKfHFp5a4ZhQUIFOX_OH","workflowName":"[PROD] Analyse Hebdomadaire des Temps"}}
{"__type":"$$EventMessageConfirm","confirm":"1b6a66c5-9d54-4282-b443-7cef9cbf1f77","ts":"2026-01-27T10:40:56.068-05:00","source":{"id":"0","name":"eventBus"}}
{"__type":"$$EventMessageWorkflow","id":"c19c5545-0f9a-4218-b3b7-1617985dc2d3","ts":"2026-01-27T10:41:02.357-05:00","eventName":"n8n.workflow.started","message":"n8n.workflow.started","payload":{"executionId":"47","workflowId":"gzKfHFp5a4ZhQUIFOX_OH","isManual":false,"workflowName":"[PROD] Analyse Hebdomadaire des Temps"}}
{"__type":"$$EventMessageConfirm","confirm":"c19c5545-0f9a-4218-b3b7-1617985dc2d3","ts":"2026-01-27T10:41:02.357-05:00","source":{"id":"0","name":"eventBus"}}
{"__type":"$$EventMessageAudit","id":"549e46c5-d7c0-4155-ac3d-45a6ec186305","ts":"2026-01-27T10:41:02.359-05:00","eventName":"n8n.audit.workflow.executed","message":"n8n.audit.workflow.executed","payload":{"userId":"c9d8aadb-d7d8-4982-a17b-a4fbf188d3fd","_email":"melanie@theoma.fr","_firstName":"Mélanie","_lastName":"VOYMANT","globalRole":"global:owner","workflowId":"gzKfHFp5a4ZhQUIFOX_OH","workflowName":"[PROD] Analyse Hebdomadaire des Temps","executionId":"47","source":"user-manual"}}
{"__type":"$$EventMessageConfirm","confirm":"549e46c5-d7c0-4155-ac3d-45a6ec186305","ts":"2026-01-27T10:41:02.359-05:00","source":{"id":"0","name":"eventBus"}}
{"__type":"$$EventMessageNode","id":"1ebb79b8-c5f0-49c5-bfe5-a6175e4071c4","ts":"2026-01-27T10:41:02.360-05:00","eventName":"n8n.node.started","message":"n8n.node.started","payload":{"workflowId":"gzKfHFp5a4ZhQUIFOX_OH","workflowName":"[PROD] Analyse Hebdomadaire des Temps","executionId":"47","nodeType":"n8n-nodes-base.postgres","nodeName":"Get Timesheets (Pennylane)","nodeId":"ce0ed6fd-220f-4e1a-89eb-318fe2bbe065"}}
{"__type":"$$EventMessageConfirm","confirm":"1ebb79b8-c5f0-49c5-bfe5-a6175e4071c4","ts":"2026-01-27T10:41:02.361-05:00","source":{"id":"0","name":"eventBus"}}
{"__type":"$$EventMessageNode","id":"3f9d74d9-8433-40e1-aa3b-ec17573e1342","ts":"2026-01-27T10:41:02.818-05:00","eventName":"n8n.node.finished","message":"n8n.node.finished","payload":{"workflowId":"gzKfHFp5a4ZhQUIFOX_OH","workflowName":"[PROD] Analyse Hebdomadaire des Temps","executionId":"47","nodeType":"n8n-nodes-base.postgres","nodeName":"Get Timesheets (Pennylane)","nodeId":"ce0ed6fd-220f-4e1a-89eb-318fe2bbe065"}}
{"__type":"$$EventMessageConfirm","confirm":"3f9d74d9-8433-40e1-aa3b-ec17573e1342","ts":"2026-01-27T10:41:02.818-05:00","source":{"id":"0","name":"eventBus"}}
{"__type":"$$EventMessageWorkflow","id":"d48fd7f3-f59d-4c68-b90e-3bd5e73e83f2","ts":"2026-01-27T10:41:02.823-05:00","eventName":"n8n.workflow.success","message":"n8n.workflow.success","payload":{"userId":"c9d8aadb-d7d8-4982-a17b-a4fbf188d3fd","executionId":"47","success":true,"isManual":true,"workflowId":"gzKfHFp5a4ZhQUIFOX_OH","workflowName":"[PROD] Analyse Hebdomadaire des Temps"}}
{"__type":"$$EventMessageConfirm","confirm":"d48fd7f3-f59d-4c68-b90e-3bd5e73e83f2","ts":"2026-01-27T10:41:02.823-05:00","source":{"id":"0","name":"eventBus"}}
{"__type":"$$EventMessageAudit","id":"bfcd0e0c-f202-468f-801a-91ce3c7d16ab","ts":"2026-01-27T10:41:02.937-05:00","eventName":"n8n.audit.workflow.updated","message":"n8n.audit.workflow.updated","payload":{"userId":"c9d8aadb-d7d8-4982-a17b-a4fbf188d3fd","_email":"melanie@theoma.fr","_firstName":"Mélanie","_lastName":"VOYMANT","globalRole":"global:owner","workflowId":"gzKfHFp5a4ZhQUIFOX_OH","workflowName":"[PROD] Analyse Hebdomadaire des Temps"}}
{"__type":"$$EventMessageConfirm","confirm":"bfcd0e0c-f202-468f-801a-91ce3c7d16ab","ts":"2026-01-27T10:41:02.937-05:00","source":{"id":"0","name":"eventBus"}}
{"__type":"$$EventMessageAudit","id":"0eea8604-fba0-4dc7-a6ce-3807ad933a26","ts":"2026-01-27T10:41:14.112-05:00","eventName":"n8n.audit.workflow.updated","message":"n8n.audit.workflow.updated","payload":{"userId":"c9d8aadb-d7d8-4982-a17b-a4fbf188d3fd","_email":"melanie@theoma.fr","_firstName":"Mélanie","_lastName":"VOYMANT","globalRole":"global:owner","workflowId":"gzKfHFp5a4ZhQUIFOX_OH","workflowName":"[PROD] Analyse Hebdomadaire des Temps"}}
{"__type":"$$EventMessageConfirm","confirm":"0eea8604-fba0-4dc7-a6ce-3807ad933a26","ts":"2026-01-27T10:41:14.112-05:00","source":{"id":"0","name":"eventBus"}}
{"__type":"$$EventMessageWorkflow","id":"6271069e-c97f-4d21-b765-c2786fa56c56","ts":"2026-01-27T10:41:18.585-05:00","eventName":"n8n.workflow.started","message":"n8n.workflow.started","payload":{"executionId":"48","workflowId":"gzKfHFp5a4ZhQUIFOX_OH","isManual":false,"workflowName":"[PROD] Analyse Hebdomadaire des Temps"}}
{"__type":"$$EventMessageConfirm","confirm":"6271069e-c97f-4d21-b765-c2786fa56c56","ts":"2026-01-27T10:41:18.585-05:00","source":{"id":"0","name":"eventBus"}}
{"__type":"$$EventMessageAudit","id":"a7aacacf-9b74-43f1-8cf8-a142fba45177","ts":"2026-01-27T10:41:18.586-05:00","eventName":"n8n.audit.workflow.executed","message":"n8n.audit.workflow.executed","payload":{"userId":"c9d8aadb-d7d8-4982-a17b-a4fbf188d3fd","_email":"melanie@theoma.fr","_firstName":"Mélanie","_lastName":"VOYMANT","globalRole":"global:owner","workflowId":"gzKfHFp5a4ZhQUIFOX_OH","workflowName":"[PROD] Analyse Hebdomadaire des Temps","executionId":"48","source":"user-manual"}}
{"__type":"$$EventMessageConfirm","confirm":"a7aacacf-9b74-43f1-8cf8-a142fba45177","ts":"2026-01-27T10:41:18.587-05:00","source":{"id":"0","name":"eventBus"}}
{"__type":"$$EventMessageNode","id":"9d813f1e-c7fe-48a4-bb3e-fda30b63df44","ts":"2026-01-27T10:41:18.588-05:00","eventName":"n8n.node.started","message":"n8n.node.started","payload":{"workflowId":"gzKfHFp5a4ZhQUIFOX_OH","workflowName":"[PROD] Analyse Hebdomadaire des Temps","executionId":"48","nodeType":"n8n-nodes-base.postgres","nodeName":"Get Timesheets (Pennylane)","nodeId":"ce0ed6fd-220f-4e1a-89eb-318fe2bbe065"}}
{"__type":"$$EventMessageConfirm","confirm":"9d813f1e-c7fe-48a4-bb3e-fda30b63df44","ts":"2026-01-27T10:41:18.588-05:00","source":{"id":"0","name":"eventBus"}}
{"__type":"$$EventMessageAudit","id":"1b90a417-6167-4166-8c79-ba5d8117a1e8","ts":"2026-01-27T10:41:18.725-05:00","eventName":"n8n.audit.workflow.updated","message":"n8n.audit.workflow.updated","payload":{"userId":"c9d8aadb-d7d8-4982-a17b-a4fbf188d3fd","_email":"melanie@theoma.fr","_firstName":"Mélanie","_lastName":"VOYMANT","globalRole":"global:owner","workflowId":"gzKfHFp5a4ZhQUIFOX_OH","workflowName":"[PROD] Analyse Hebdomadaire des Temps"}}
{"__type":"$$EventMessageConfirm","confirm":"1b90a417-6167-4166-8c79-ba5d8117a1e8","ts":"2026-01-27T10:41:18.725-05:00","source":{"id":"0","name":"eventBus"}}
{"__type":"$$EventMessageNode","id":"68d77fa1-bc89-4d06-b0ef-970d5c3ff61f","ts":"2026-01-27T10:41:25.230-05:00","eventName":"n8n.node.finished","message":"n8n.node.finished","payload":{"workflowId":"gzKfHFp5a4ZhQUIFOX_OH","workflowName":"[PROD] Analyse Hebdomadaire des Temps","executionId":"48","nodeType":"n8n-nodes-base.postgres","nodeName":"Get Timesheets (Pennylane)","nodeId":"ce0ed6fd-220f-4e1a-89eb-318fe2bbe065"}}
{"__type":"$$EventMessageConfirm","confirm":"68d77fa1-bc89-4d06-b0ef-970d5c3ff61f","ts":"2026-01-27T10:41:25.230-05:00","source":{"id":"0","name":"eventBus"}}
{"__type":"$$EventMessageWorkflow","id":"78690ae3-e91b-4151-af8a-77742f4d3d3f","ts":"2026-01-27T10:41:25.233-05:00","eventName":"n8n.workflow.success","message":"n8n.workflow.success","payload":{"userId":"c9d8aadb-d7d8-4982-a17b-a4fbf188d3fd","executionId":"48","success":true,"isManual":true,"workflowId":"gzKfHFp5a4ZhQUIFOX_OH","workflowName":"[PROD] Analyse Hebdomadaire des Temps"}}
{"__type":"$$EventMessageConfirm","confirm":"78690ae3-e91b-4151-af8a-77742f4d3d3f","ts":"2026-01-27T10:41:25.234-05:00","source":{"id":"0","name":"eventBus"}}
